<?xml version="1.0" encoding="UTF-8"?>
<!-- Generated by org.testng.reporters.JUnitXMLReporter -->
<testsuite ignored="1" hostname="JIGGYS-LAPTOP" failures="0" tests="2" name="Submit Order Test" time="34.781" errors="0" timestamp="2025-05-09T17:09:34 GMT">
  <testcase classname="JiggysProjects.tests.SubmitOrderTest" name="submitOrder" time="10.897"/>
  <testcase classname="JiggysProjects.tests.SubmitOrderTest" name="submitOrder" time="10.864"/>
  <testcase classname="JiggysProjects.tests.SubmitOrderTest" name="OrderHistoryTest" time="0.0">
    <ignored/>
  </testcase> <!-- OrderHistoryTest -->
</testsuite> <!-- Submit Order Test -->
