<?xml version="1.0" encoding="UTF-8"?>
<!-- Generated by org.testng.reporters.JUnitXMLReporter -->
<testsuite ignored="0" hostname="JIGGYS-LAPTOP" failures="0" tests="2" name="Error Validations Test" time="25.286" errors="0" timestamp="2025-05-08T17:01:39 GMT">
  <testcase classname="JiggysProjects.tests.ErrorValidationsTest" name="LoginErrorValidation" time="1.129"/>
  <testcase classname="JiggysProjects.tests.ErrorValidationsTest" name="ProductErrorValidation" time="9.679"/>
</testsuite> <!-- Error Validations Test -->
